2025-04-09 21:12:59,038 - app - INFO - Подключение к 109.73.14.205 для получения интерфейса GigabitEthernet1
2025-04-09 21:13:00,420 - app - DEBUG - Отправка команды: show interface GigabitEthernet1
2025-04-09 21:13:01,157 - app - DEBUG - Полученные данные:
GigabitEthernet1 is up, line protocol is up 
  Hardware is CSR vNIC, address is 0050.569d.d9b5 (bia 0050.569d.d9b5)
  Internet address is 109.73.14.205/24
  MTU 1500 bytes, BW 1000000 Kbit/sec, DLY 10 usec, 
     reliability 255/255, txload 1/255, rxload 1/255
  Encapsulation ARPA, loopback not set
  Keepalive set (10 sec)
  Full Duplex, 1000Mbps, link type is auto, media type is Virtual
  output flow-control is unsupported, input flow-control is unsupported
  ARP type: ARPA, ARP Timeout 04:00:0...
2025-04-09 21:13:01,178 - app - INFO - Успешно получены данные интерфейса GigabitEthernet1
2025-04-09 21:13:18,994 - app - INFO - Подключение к 109.73.14.205 для получения интерфейса GigabitEthernet2
2025-04-09 21:13:20,518 - app - DEBUG - Отправка команды: show interface GigabitEthernet2
2025-04-09 21:13:21,277 - app - DEBUG - Полученные данные:
GigabitEthernet2 is administratively down, line protocol is down 
  Hardware is CSR vNIC, address is 0050.569d.3d30 (bia 0050.569d.3d30)
  Description: Novoe Opisane
  MTU 1500 bytes, BW 1000000 Kbit/sec, DLY 10 usec, 
     reliability 255/255, txload 1/255, rxload 1/255
  Encapsulation ARPA, loopback not set
  Keepalive set (10 sec)
  Full Duplex, 1000Mbps, link type is auto, media type is Virtual
  output flow-control is unsupported, input flow-control is unsupported
  ARP type: ARPA, ARP Time...
2025-04-09 21:13:21,280 - app - INFO - Успешно получены данные интерфейса GigabitEthernet2
2025-04-09 21:13:24,669 - app - INFO - Подключение к 109.73.14.205 для получения интерфейса GigabitEthernet3
2025-04-09 21:13:26,057 - app - DEBUG - Отправка команды: show interface GigabitEthernet3
2025-04-09 21:13:26,789 - app - DEBUG - Полученные данные:
GigabitEthernet3 is down, line protocol is down 
  Hardware is CSR vNIC, address is 0050.569d.1e8b (bia 0050.569d.1e8b)
  Description: New
  Internet address is 192.168.0.1/24
  MTU 1500 bytes, BW 1000000 Kbit/sec, DLY 10 usec, 
     reliability 255/255, txload 1/255, rxload 1/255
  Encapsulation ARPA, loopback not set
  Keepalive set (10 sec)
  Full Duplex, 1000Mbps, link type is auto, media type is Virtual
  output flow-control is unsupported, input flow-control is unsupported
  ARP type: ARPA...
2025-04-09 21:13:26,794 - app - INFO - Успешно получены данные интерфейса GigabitEthernet3
2025-04-09 21:13:32,036 - app - INFO - Подключение к 109.73.14.205 для получения интерфейса Loopback0
2025-04-09 21:13:33,434 - app - DEBUG - Отправка команды: show interface Loopback0
2025-04-09 21:13:34,157 - app - DEBUG - Полученные данные:
Loopback0 is up, line protocol is up 
  Hardware is Loopback
  Internet address is 1.1.1.1/32
  MTU 1514 bytes, BW 8000000 Kbit/sec, DLY 5000 usec, 
     reliability 255/255, txload 1/255, rxload 1/255
  Encapsulation LOOPBACK, loopback not set
  Keepalive set (10 sec)
  Last input 02:00:04, output never, output hang never
  Last clearing of "show interface" counters never
  Input queue: 0/75/0/0 (size/max/drops/flushes); Total output drops: 0
  Queueing strategy: fifo
  Output queue: 0/0 (size/...
2025-04-09 21:13:34,162 - app - INFO - Успешно получены данные интерфейса Loopback0
2025-04-09 21:13:38,468 - app - INFO - Подключение к 109.73.14.205 для получения интерфейса Loopback3
2025-04-09 21:13:39,865 - app - DEBUG - Отправка команды: show interface Loopback3
2025-04-09 21:13:40,600 - app - DEBUG - Полученные данные:
Loopback3 is up, line protocol is up 
  Hardware is Loopback
  Internet address is 2.2.2.2/32
  MTU 1514 bytes, BW 8000000 Kbit/sec, DLY 5000 usec, 
     reliability 255/255, txload 1/255, rxload 1/255
  Encapsulation LOOPBACK, loopback not set
  Keepalive set (10 sec)
  Last input 02:00:10, output never, output hang never
  Last clearing of "show interface" counters never
  Input queue: 0/75/0/0 (size/max/drops/flushes); Total output drops: 0
  Queueing strategy: fifo
  Output queue: 0/0 (size/...
2025-04-09 21:13:40,605 - app - INFO - Успешно получены данные интерфейса Loopback3
2025-04-09 21:13:45,665 - app - INFO - Подключение к 109.73.14.205 для получения интерфейса GigabitEthernet3
2025-04-09 21:13:47,049 - app - DEBUG - Отправка команды: show interface GigabitEthernet3
2025-04-09 21:13:47,810 - app - DEBUG - Полученные данные:
GigabitEthernet3 is down, line protocol is down 
  Hardware is CSR vNIC, address is 0050.569d.1e8b (bia 0050.569d.1e8b)
  Description: New
  Internet address is 192.168.0.1/24
  MTU 1500 bytes, BW 1000000 Kbit/sec, DLY 10 usec, 
     reliability 255/255, txload 1/255, rxload 1/255
  Encapsulation ARPA, loopback not set
  Keepalive set (10 sec)
  Full Duplex, 1000Mbps, link type is auto, media type is Virtual
  output flow-control is unsupported, input flow-control is unsupported
  ARP type: ARPA...
2025-04-09 21:13:47,816 - app - INFO - Успешно получены данные интерфейса GigabitEthernet3
2025-04-09 21:20:32,882 - app - INFO - Подключение к 109.73.14.205 для получения интерфейса GigabitEthernet3
2025-04-09 21:20:34,276 - app - DEBUG - Отправка команды: show interface GigabitEthernet3
2025-04-09 21:20:35,009 - app - DEBUG - Полученные данные:
GigabitEthernet3 is down, line protocol is down 
  Hardware is CSR vNIC, address is 0050.569d.1e8b (bia 0050.569d.1e8b)
  Description: New
  Internet address is 192.168.0.1/24
  MTU 1500 bytes, BW 1000000 Kbit/sec, DLY 10 usec, 
     reliability 255/255, txload 1/255, rxload 1/255
  Encapsulation ARPA, loopback not set
  Keepalive set (10 sec)
  Full Duplex, 1000Mbps, link type is auto, media type is Virtual
  output flow-control is unsupported, input flow-control is unsupported
  ARP type: ARPA...
2025-04-09 21:20:35,011 - app - INFO - Успешно получены данные интерфейса GigabitEthernet3
2025-04-09 21:33:53,877 - app - INFO - Подключение к 109.73.14.205 для получения интерфейса GigabitEthernet1
2025-04-09 21:33:55,262 - app - DEBUG - Отправка команды: show interface GigabitEthernet1
2025-04-09 21:33:55,999 - app - DEBUG - Полученные данные:
GigabitEthernet1 is up, line protocol is up 
  Hardware is CSR vNIC, address is 0050.569d.d9b5 (bia 0050.569d.d9b5)
  Internet address is 109.73.14.205/24
  MTU 1500 bytes, BW 1000000 Kbit/sec, DLY 10 usec, 
     reliability 255/255, txload 1/255, rxload 1/255
  Encapsulation ARPA, loopback not set
  Keepalive set (10 sec)
  Full Duplex, 1000Mbps, link type is auto, media type is Virtual
  output flow-control is unsupported, input flow-control is unsupported
  ARP type: ARPA, ARP Timeout 04:00:0...
2025-04-09 21:33:56,002 - app - INFO - Успешно получены данные интерфейса GigabitEthernet1
2025-04-09 21:44:54,376 - app - INFO - Подключение к 109.73.14.205 для получения интерфейса Loopback0
2025-04-09 21:44:55,751 - app - DEBUG - Отправка команды: show interface Loopback0
2025-04-09 21:44:56,487 - app - DEBUG - Полученные данные:
Loopback0 is up, line protocol is up 
  Hardware is Loopback
  Internet address is 1.1.1.1/32
  MTU 1514 bytes, BW 8000000 Kbit/sec, DLY 5000 usec, 
     reliability 255/255, txload 1/255, rxload 1/255
  Encapsulation LOOPBACK, loopback not set
  Keepalive set (10 sec)
  Last input 02:31:26, output never, output hang never
  Last clearing of "show interface" counters never
  Input queue: 0/75/0/0 (size/max/drops/flushes); Total output drops: 0
  Queueing strategy: fifo
  Output queue: 0/0 (size/...
2025-04-09 21:44:56,489 - app - INFO - Успешно получены данные интерфейса Loopback0
2025-04-09 21:45:01,460 - app - INFO - Подключение к 109.73.14.205 для получения интерфейса GigabitEthernet2
2025-04-09 21:45:02,834 - app - DEBUG - Отправка команды: show interface GigabitEthernet2
2025-04-09 21:45:03,568 - app - DEBUG - Полученные данные:
GigabitEthernet2 is administratively down, line protocol is down 
  Hardware is CSR vNIC, address is 0050.569d.3d30 (bia 0050.569d.3d30)
  Description: Novoe Opisane
  MTU 1500 bytes, BW 1000000 Kbit/sec, DLY 10 usec, 
     reliability 255/255, txload 1/255, rxload 1/255
  Encapsulation ARPA, loopback not set
  Keepalive set (10 sec)
  Full Duplex, 1000Mbps, link type is auto, media type is Virtual
  output flow-control is unsupported, input flow-control is unsupported
  ARP type: ARPA, ARP Time...
2025-04-09 21:45:03,569 - app - INFO - Успешно получены данные интерфейса GigabitEthernet2
2025-04-09 21:58:34,833 - app - INFO - Подключение к 109.73.14.205 для получения интерфейса GigabitEthernet1
2025-04-09 21:58:36,225 - app - DEBUG - Отправка команды: show interface GigabitEthernet1
2025-04-09 21:58:36,969 - app - DEBUG - Полученные данные:
GigabitEthernet1 is up, line protocol is up 
  Hardware is CSR vNIC, address is 0050.569d.d9b5 (bia 0050.569d.d9b5)
  Internet address is 109.73.14.205/24
  MTU 1500 bytes, BW 1000000 Kbit/sec, DLY 10 usec, 
     reliability 255/255, txload 1/255, rxload 1/255
  Encapsulation ARPA, loopback not set
  Keepalive set (10 sec)
  Full Duplex, 1000Mbps, link type is auto, media type is Virtual
  output flow-control is unsupported, input flow-control is unsupported
  ARP type: ARPA, ARP Timeout 04:00:0...
2025-04-09 21:58:36,976 - app - INFO - Успешно получены данные интерфейса GigabitEthernet1
2025-04-09 22:00:21,669 - app - INFO - Подключение к 109.73.14.205 для получения интерфейса GigabitEthernet2
2025-04-09 22:00:23,196 - app - DEBUG - Отправка команды: show interface GigabitEthernet2
2025-04-09 22:00:24,058 - app - INFO - Успешно получены данные интерфейса GigabitEthernet2
2025-04-09 22:14:06,268 - app - INFO - Подключение к 109.73.14.205 для получения интерфейса GigabitEthernet1
2025-04-09 22:14:07,663 - app - DEBUG - Отправка команды: show interface GigabitEthernet1
